<?xml version="1.0" encoding="UTF-8"?>
<!-- Generated by org.testng.reporters.JUnitXMLReporter -->
<testsuite hostname="WINDOWS-JC983K7" failures="0" tests="4" name="Test" time="93.256" errors="0" timestamp="13 Feb 2020 19:44:04 GMT">
  <testcase classname="test.TESTLoginActitime" name="login" time="0.004"/>
  <testcase classname="test.TESTCreateCustomer" name="customerCreation" time="7.363"/>
  <testcase classname="test.TESTCreateWork" name="workCreation" time="10.865"/>
  <testcase classname="test.TESTCreateProject" name="projectCreation" time="23.217"/>
</testsuite> <!-- Test -->
